<?xml version="1.0" encoding="UTF-8"?>
<!-- Generated by org.testng.reporters.JUnitXMLReporter -->
<testsuite hostname="LAPTOP-9T6JMJ0J" ignored="0" name="Default test" tests="9" failures="0" timestamp="08 Jun 2021 19:20:47 GMT" time="512.316" errors="0">
  <testcase name="dashboard" time="23.686" classname="test.TestTopMeni"/>
  <testcase name="shiftplanning" time="23.946" classname="test.TestTopMeni"/>
  <testcase name="timeClock" time="23.225" classname="test.TestTopMeni"/>
  <testcase name="leaveVacation" time="24.018" classname="test.TestTopMeni"/>
  <testcase name="training" time="24.114" classname="test.TestTopMeni"/>
  <testcase name="staff" time="20.9" classname="test.TestTopMeni"/>
  <testcase name="aviability" time="26.351" classname="test.TestTopMeni"/>
  <testcase name="payroll" time="23.677" classname="test.TestTopMeni"/>
  <testcase name="reports" time="24.534" classname="test.TestTopMeni"/>
</testsuite> <!-- Default test -->
