<?xml version="1.0" encoding="UTF-8"?>
<!-- Generated by org.testng.reporters.JUnitReportReporter -->
<testsuite skipped="0" hostname="LAPTOP-9T6JMJ0J" name="test.TestLogInPage" tests="3" failures="0" timestamp="04 Jun 2021 14:20:05 GMT" time="28.342" errors="0">
  <testcase name="goToLogInPage" time="6.264" classname="test.TestLogInPage"/>
  <testcase name="aboutUs" time="8.389" classname="test.TestLogInPage"/>
  <testcase name="logIn" time="13.689" classname="test.TestLogInPage"/>
</testsuite> <!-- test.TestLogInPage -->
